# JRE version: OpenJDK Runtime Environment Temurin-17.0.2+8 (17.0.2+8) (build 17.0.2+8)
# Java VM: OpenJDK 64-Bit Server VM Temurin-17.0.2+8 (17.0.2+8, mixed mode, tiered, compressed oops, compressed class ptrs, g1 gc, windows-amd64)
GC Precious Log:
 CPUs: 12 total, 12 available
 Memory: 16258M
 Large Page Support: Disabled
 NUMA Support: Disabled
 Compressed Oops: Enabled (Zero based)
 Heap Region Size: 2M
 Heap Min Capacity: 8M
 Heap Initial Capacity: 256M
 Heap Max Capacity: 4066M
 Pre-touch: Disabled
 Parallel Workers: 10
 Concurrent Workers: 3
 Concurrent Refinement Workers: 10
 Periodic GC: Disabled
Heap:
 garbage-first heap   total 145408K, used 35786K [0x0000000701e00000, 0x0000000800000000)
  region size 2048K, 15 young (30720K), 1 survivors (2048K)
 Metaspace       used 34997K, committed 35264K, reserved 1081344K
  class space    used 3464K, committed 3584K, reserved 1048576K
GC Heap History (18 events):
Event: 0.832 GC heap before
{Heap before GC invocations=0 (full 0):
 garbage-first heap   total 262144K, used 22528K [0x0000000701e00000, 0x0000000800000000)
  region size 2048K, 11 young (22528K), 0 survivors (0K)
 Metaspace       used 17734K, committed 17920K, reserved 1064960K
  class space    used 1780K, committed 1856K, reserved 1048576K
}
Event: 0.836 GC heap after
{Heap after GC invocations=1 (full 0):
 garbage-first heap   total 262144K, used 3376K [0x0000000701e00000, 0x0000000800000000)
  region size 2048K, 2 young (4096K), 2 survivors (4096K)
 Metaspace       used 17734K, committed 17920K, reserved 1064960K
  class space    used 1780K, committed 1856K, reserved 1048576K
}
Event: 4.405 GC heap before
{Heap before GC invocations=1 (full 0):
 garbage-first heap   total 262144K, used 11568K [0x0000000701e00000, 0x0000000800000000)
  region size 2048K, 7 young (14336K), 2 survivors (4096K)
 Metaspace       used 21329K, committed 21504K, reserved 1073152K
  class space    used 2252K, committed 2368K, reserved 1048576K
}
Event: 4.409 GC heap after
{Heap after GC invocations=2 (full 0):
 garbage-first heap   total 262144K, used 4268K [0x0000000701e00000, 0x0000000800000000)
  region size 2048K, 1 young (2048K), 1 survivors (2048K)
 Metaspace       used 21329K, committed 21504K, reserved 1073152K
  class space    used 2252K, committed 2368K, reserved 1048576K
}
Event: 7.295 GC heap before
{Heap before GC invocations=3 (full 0):
 garbage-first heap   total 28672K, used 18604K [0x0000000701e00000, 0x0000000800000000)
  region size 2048K, 8 young (16384K), 1 survivors (2048K)
 Metaspace       used 24031K, committed 24256K, reserved 1073152K
  class space    used 2524K, committed 2624K, reserved 1048576K
}
Event: 7.298 GC heap after
{Heap after GC invocations=4 (full 0):
 garbage-first heap   total 28672K, used 5630K [0x0000000701e00000, 0x0000000800000000)
  region size 2048K, 1 young (2048K), 1 survivors (2048K)
 Metaspace       used 24031K, committed 24256K, reserved 1073152K
  class space    used 2524K, committed 2624K, reserved 1048576K
}
Event: 7.351 GC heap before
{Heap before GC invocations=4 (full 0):
 garbage-first heap   total 28672K, used 7678K [0x0000000701e00000, 0x0000000800000000)
  region size 2048K, 2 young (4096K), 1 survivors (2048K)
 Metaspace       used 24945K, committed 25216K, reserved 1073152K
  class space    used 2631K, committed 2752K, reserved 1048576K
}
Event: 7.357 GC heap after
{Heap after GC invocations=5 (full 0):
 garbage-first heap   total 28672K, used 5926K [0x0000000701e00000, 0x0000000800000000)
  region size 2048K, 1 young (2048K), 1 survivors (2048K)
 Metaspace       used 24945K, committed 25216K, reserved 1073152K
  class space    used 2631K, committed 2752K, reserved 1048576K
}
Event: 7.691 GC heap before
{Heap before GC invocations=5 (full 0):
 garbage-first heap   total 28672K, used 14118K [0x0000000701e00000, 0x0000000800000000)
  region size 2048K, 6 young (12288K), 1 survivors (2048K)
 Metaspace       used 26752K, committed 27008K, reserved 1073152K
  class space    used 2829K, committed 2944K, reserved 1048576K
}
Event: 7.693 GC heap after
{Heap after GC invocations=6 (full 0):
 garbage-first heap   total 28672K, used 6672K [0x0000000701e00000, 0x0000000800000000)
  region size 2048K, 1 young (2048K), 1 survivors (2048K)
 Metaspace       used 26752K, committed 27008K, reserved 1073152K
  class space    used 2829K, committed 2944K, reserved 1048576K
}
Event: 9.494 GC heap before
{Heap before GC invocations=6 (full 0):
 garbage-first heap   total 28672K, used 18960K [0x0000000701e00000, 0x0000000800000000)
  region size 2048K, 7 young (14336K), 1 survivors (2048K)
 Metaspace       used 28378K, committed 28672K, reserved 1081344K
  class space    used 2986K, committed 3136K, reserved 1048576K
}
Event: 9.496 GC heap after
{Heap after GC invocations=7 (full 0):
 garbage-first heap   total 28672K, used 7387K [0x0000000701e00000, 0x0000000800000000)
  region size 2048K, 1 young (2048K), 1 survivors (2048K)
 Metaspace       used 28378K, committed 28672K, reserved 1081344K
  class space    used 2986K, committed 3136K, reserved 1048576K
}
Event: 9.605 GC heap before
{Heap before GC invocations=7 (full 0):
 garbage-first heap   total 28672K, used 19675K [0x0000000701e00000, 0x0000000800000000)
  region size 2048K, 7 young (14336K), 1 survivors (2048K)
 Metaspace       used 30167K, committed 30400K, reserved 1081344K
  class space    used 3130K, committed 3264K, reserved 1048576K
}
Event: 9.607 GC heap after
{Heap after GC invocations=8 (full 0):
 garbage-first heap   total 28672K, used 7742K [0x0000000701e00000, 0x0000000800000000)
  region size 2048K, 1 young (2048K), 1 survivors (2048K)
 Metaspace       used 30167K, committed 30400K, reserved 1081344K
  class space    used 3130K, committed 3264K, reserved 1048576K
}
Event: 9.675 GC heap before
{Heap before GC invocations=8 (full 0):
 garbage-first heap   total 28672K, used 15934K [0x0000000701e00000, 0x0000000800000000)
  region size 2048K, 6 young (12288K), 1 survivors (2048K)
 Metaspace       used 31513K, committed 31744K, reserved 1081344K
  class space    used 3232K, committed 3328K, reserved 1048576K
}
Event: 9.676 GC heap after
{Heap after GC invocations=9 (full 0):
 garbage-first heap   total 28672K, used 7991K [0x0000000701e00000, 0x0000000800000000)
  region size 2048K, 1 young (2048K), 1 survivors (2048K)
 Metaspace       used 31513K, committed 31744K, reserved 1081344K
  class space    used 3232K, committed 3328K, reserved 1048576K
}
Event: 9.794 GC heap before
{Heap before GC invocations=9 (full 0):
 garbage-first heap   total 28672K, used 18231K [0x0000000701e00000, 0x0000000800000000)
  region size 2048K, 6 young (12288K), 1 survivors (2048K)
 Metaspace       used 32686K, committed 32896K, reserved 1081344K
  class space    used 3302K, committed 3392K, reserved 1048576K
}
Event: 9.796 GC heap after
{Heap after GC invocations=10 (full 0):
 garbage-first heap   total 145408K, used 9162K [0x0000000701e00000, 0x0000000800000000)
  region size 2048K, 1 young (2048K), 1 survivors (2048K)
 Metaspace       used 32686K, committed 32896K, reserved 1081344K
  class space    used 3302K, committed 3392K, reserved 1048576K
}

